7.26735874 9.71006501 0.00000001
7.26126336 9.70112198 0.00000001
7.26838262 9.69986142 0.00000001
7.27515811 9.70663133 0.00000001
7.27987299 9.71415977 0.00000001
7.28205511 9.71790057 0.00000001
7.28299552 9.71003948 0.00000001
7.28103451 9.70972269 0.00000001
7.27914549 9.71818903 0.00000001
7.27338507 9.71883371 0.00000001
7.27713590 9.72086558 0.00000001
7.28487187 9.72966815 0.00000001
7.28306259 9.73499569 0.00000001
7.28592908 9.73824133 0.00000001
7.28102858 9.74698559 0.00000001
7.27464968 9.74199115 0.00000001
7.28033029 9.73788986 0.00000001
7.27235649 9.73515586 0.00000001
7.28127877 9.73443119 0.00000001
7.28001430 9.74085685 0.00000001
7.28594379 9.73490493 0.00000001
7.28184565 9.73097090 0.00000001
7.27569087 9.73879311 0.00000001
7.28562527 9.73729214 0.00000001
7.29402954 9.73526452 0.00000001
7.30081021 9.73198572 0.00000001
7.29789530 9.73730593 0.00000001
7.29458426 9.74630812 0.00000001
7.29778759 9.75563706 0.00000000
7.29156667 9.75794046 0.00000000
7.28640939 9.75499305 0.00000001
7.29555888 9.75327611 0.00000000
7.30015847 9.74541048 0.00000000
7.29799060 9.73866035 0.00000001
7.29805706 9.73960036 0.00000001
7.28902169 9.73975659 0.00000001
7.28875458 9.74021580 0.00000001
7.29196975 9.74898215 0.00000001
7.29126224 9.75639899 0.00000000
7.30120047 9.76279895 0.00000000
7.30204825 9.75489837 0.00000000
7.30439145 9.75701964 0.00000000
7.29704030 9.74815140 0.00000000
7.29655687 9.73862344 0.00000001
7.30403112 9.73490227 0.00000000
7.30467037 9.72965615 0.00000000
7.29816460 9.72996397 0.00000001
7.29889808 9.73486141 0.00000001
7.29807774 9.73889263 0.00000001
7.29176196 9.74617946 0.00000001
7.28451542 9.74489611 0.00000001
7.28926604 9.73647122 0.00000001
7.28293416 9.74638397 0.00000001
7.29015172 9.74767011 0.00000001
7.29610652 9.75038098 0.00000000
7.29910827 9.75599151 0.00000000
7.30526707 9.76058030 0.00000000
7.31314902 9.75081409 0.00000000
7.30847276 9.75398254 0.00000000
7.30507266 9.75206355 0.00000000
7.29645905 9.75458473 0.00000000
7.30398691 9.74906253 0.00000000
7.29810912 9.75764357 0.00000000
7.29070305 9.76389454 0.00000000
7.29737492 9.76315124 0.00000000
7.30332469 9.76360700 0.00000000
7.31170256 9.75729635 0.00000000
7.31419509 9.75474624 0.00000000
7.31397846 9.75795175 0.00000000
7.30886778 9.76329179 0.00000000
7.30821539 9.76873193 0.00000000
7.30058875 9.77439100 0.00000000
7.30977728 9.77235169 0.00000000
7.30529803 9.77809655 0.00000000
7.30599957 9.78523470 0.00000000
7.31157098 9.79322599 0.00000000
7.30600755 9.79092929 0.00000000
7.30454366 9.79805169 0.00000000
7.30961879 9.79359604 0.00000000
7.31838366 9.78382671 0.00000000
7.31833433 9.78796714 0.00000000
7.31385848 9.78028290 0.00000000
7.31129487 9.78067971 0.00000000
7.31338656 9.77260566 0.00000000
7.30489760 9.77425057 0.00000000
7.30984241 9.77368535 0.00000000
7.31115801 9.77405158 0.00000000
7.31370570 9.77071724 0.00000000
7.32279758 9.76988051 0.00000000
7.33250906 9.77218687 0.00000000
7.33156766 9.76725849 0.00000000
7.33488806 9.75829286 0.00000000
7.32523844 9.76595741 0.00000000
7.31575311 9.76061357 0.00000000
7.31208580 9.76015517 0.00000000
7.30931902 9.76169334 0.00000000
7.31204267 9.76787268 0.00000000
7.30502800 9.77652873 0.00000000
7.30914526 9.76981199 0.00000000
7.30962590 9.77367617 0.00000000
7.30218515 9.78045660 0.00000000
7.29472181 9.78054872 0.00000000
7.29755317 9.77702058 0.00000000
7.30371359 9.77448545 0.00000000
7.30667440 9.77975233 0.00000000
7.31594353 9.77163940 0.00000000
7.31749411 9.76972090 0.00000000
7.31725337 9.76149542 0.00000000
7.32640102 9.77092110 0.00000000
7.32907905 9.77307028 0.00000000
7.32286406 9.76892032 0.00000000
7.33033751 9.77651332 0.00000000
7.32502603 9.78039704 0.00000000
7.31782572 9.77527279 0.00000000
7.31274567 9.76579490 0.00000000
7.31982825 9.75915024 0.00000000
7.32881877 9.74993692 0.00000000
7.32642874 9.75409543 0.00000000
7.31776121 9.75919527 0.00000000
7.32583698 9.74946952 0.00000000
7.32956343 9.75821275 0.00000000
7.33288040 9.76122986 0.00000000
7.33502339 9.75939828 0.00000000
7.33381591 9.76497232 0.00000000
7.33363295 9.77117362 0.00000000
7.32802394 9.77630980 0.00000000
7.33610545 9.76733011 0.00000000
7.34586269 9.76522782 0.00000000
7.34648289 9.76380664 0.00000000
7.34536023 9.76703091 0.00000000
7.34001814 9.77332990 0.00000000
7.34986611 9.77304986 0.00000000
7.34696396 9.77070164 0.00000000
7.35612745 9.77189953 0.00000000
7.35881030 9.77944355 0.00000000
7.36370911 9.78810413 0.00000000
7.36796632 9.78572987 0.00000000
7.37551406 9.78015922 0.00000000
7.37324048 9.78878639 0.00000000
7.36717122 9.78574876 0.00000000
7.36661942 9.79519795 0.00000000
7.36974486 9.80265279 0.00000000
7.36333447 9.80282045 0.00000000
7.35418757 9.79348974 0.00000000
7.34882651 9.80248000 0.00000000
7.34541229 9.79549502 0.00000000
7.34923286 9.78737765 0.00000000
7.35120293 9.79045654 0.00000000
7.35722904 9.78896740 0.00000000
7.35472813 9.78211850 0.00000000
7.34955809 9.78802777 0.00000000
7.35832983 9.78129293 0.00000000
7.34949787 9.78347362 0.00000000
7.35603990 9.78190018 0.00000000
7.36557501 9.77483256 0.00000000
7.36619373 9.77025887 0.00000000
7.37125545 9.76868553 0.00000000
7.37361662 9.77760311 0.00000000
7.36951466 9.76812520 0.00000000
7.36477194 9.76179917 0.00000000
7.35527305 9.76911534 0.00000000
7.36406743 9.76714372 0.00000000
7.36611961 9.76099614 0.00000000
7.36173050 9.76033967 0.00000000
7.35846354 9.76941301 0.00000000
7.36061088 9.76209915 0.00000000
7.35749592 9.76097674 0.00000000
7.36658755 9.76838680 0.00000000
7.36631670 9.76086239 0.00000000
7.36221572 9.75827832 0.00000000
7.36774543 9.76332066 0.00000000
7.36275591 9.77049884 0.00000000
7.35963855 9.76113311 0.00000000
7.35292317 9.76000580 0.00000000
7.36277883 9.75050045 0.00000000
7.35336909 9.74198357 0.00000000
7.34816394 9.73699470 0.00000000
7.35576299 9.73089187 0.00000000
7.36196199 9.73028119 0.00000000
7.36047537 9.72268217 0.00000000
7.36533193 9.73088869 0.00000000
7.35605658 9.73564127 0.00000000
7.36337134 9.73703944 0.00000000
7.37183973 9.73159732 0.00000000
7.37638958 9.73653145 0.00000000
7.36982381 9.72691144 0.00000000
7.37933348 9.72713762 0.00000000
7.37826936 9.72932589 0.00000000
7.36946914 9.73448635 0.00000000
7.36647736 9.73491643 0.00000000
7.37248597 9.72690468 0.00000000
7.36857322 9.71771217 0.00000000
7.36026987 9.72629445 0.00000000
7.35438166 9.72007339 0.00000000
7.34988254 9.71748330 0.00000000
7.35714649 9.72644793 0.00000000
7.34875265 9.73428805 0.00000000
7.35248518 9.72841460 0.00000000
7.35407307 9.73341564 0.00000000
7.35353721 9.73131541 0.00000000
7.34857043 9.73560737 0.00000000
7.35200810 9.73289899 0.00000000
7.35908931 9.73931152 0.00000000
7.35202539 9.73478363 0.00000000
7.35399752 9.74410410 0.00000000
7.34425667 9.74913595 0.00000000
7.35295733 9.74763696 0.00000000
7.36098669 9.75678543 0.00000000
7.35193986 9.75818864 0.00000000
7.35093346 9.76654755 0.00000000
7.35094163 9.77296928 0.00000000
7.34273967 9.78190535 0.00000000
7.35224980 9.77529456 0.00000000
7.35712599 9.76662581 0.00000000
7.34914315 9.75855768 0.00000000
7.34313202 9.74947800 0.00000000
7.33857074 9.75566252 0.00000000
7.33543270 9.74971909 0.00000000
7.34009590 9.75160600 0.00000000
7.33013313 9.74334696 0.00000000
7.32944321 9.74923870 0.00000000
7.33254104 9.74789711 0.00000000
7.32976611 9.75351382 0.00000000
7.33858634 9.75867044 0.00000000
7.34571659 9.74919811 0.00000000
7.34119369 9.75046341 0.00000000
7.34993665 9.75268726 0.00000000
7.35508739 9.75890916 0.00000000
7.35252756 9.76513119 0.00000000
7.34785019 9.75743794 0.00000000
7.33921615 9.74837343 0.00000000
7.33356751 9.75282969 0.00000000
7.34345643 9.74945072 0.00000000
7.33617312 9.75212864 0.00000000
7.33660216 9.75991090 0.00000000
7.34457983 9.75314043 0.00000000
7.35299241 9.75887610 0.00000000
7.35909785 9.75221391 0.00000000
7.36079015 9.75772508 0.00000000
7.36078895 9.76214847 0.00000000
7.35353813 9.75690454 0.00000000
7.34691954 9.74918490 0.00000000
7.34355065 9.74269751 0.00000000
7.34472186 9.75193941 0.00000000
7.33770900 9.75757843 0.00000000
7.32906020 9.75594357 0.00000000
7.32447390 9.76004579 0.00000000
7.32262799 9.76947336 0.00000000
7.32272070 9.76121441 0.00000000
7.31483820 9.75395674 0.00000000
7.31906347 9.76318173 0.00000000
7.32591747 9.76316212 0.00000000
7.32907537 9.75999402 0.00000000
7.33329644 9.76793792 0.00000000
7.33594413 9.77630295 0.00000000
7.34089838 9.78481624 0.00000000
7.33609657 9.77961088 0.00000000
7.34113609 9.78484760 0.00000000
7.33257103 9.77712863 0.00000000
7.33668816 9.77665581 0.00000000
7.34312242 9.77786546 0.00000000
7.33570220 9.78238808 0.00000000
7.32944773 9.78427946 0.00000000
7.33512137 9.78486095 0.00000000
7.33343183 9.79001577 0.00000000
7.32444928 9.78171774 0.00000000
7.32325116 9.77204055 0.00000000
7.31619049 9.77004655 0.00000000
7.30696122 9.77811921 0.00000000
7.30613953 9.76829372 0.00000000
7.29995208 9.76432316 0.00000000
7.29634413 9.77161955 0.00000000
7.28987384 9.78058280 0.00000000
7.28285819 9.78482097 0.00000000
7.29093370 9.77627407 0.00000000
7.29993305 9.76888205 0.00000000
7.30662134 9.77513284 0.00000000
7.31292636 9.77877444 0.00000000
7.30480193 9.78642428 0.00000000
7.29588275 9.79210407 0.00000000
7.29082057 9.79456256 0.00000000
7.29532043 9.79864191 0.00000000
7.29590124 9.80027650 0.00000000
7.30115234 9.80261358 0.00000000
7.30882346 9.80737801 0.00000000
7.29920333 9.80046906 0.00000000
7.30179357 9.79490571 0.00000000
7.29817312 9.79431993 0.00000000
7.29760579 9.79252446 0.00000000
7.29145602 9.78544261 0.00000000
7.28606988 9.79098777 0.00000000
7.27732281 9.79643983 0.00000000
7.28093539 9.80456239 0.00000000
7.29092268 9.80813141 0.00000000
7.29757063 9.81534367 0.00000000
7.29514464 9.82444667 0.00000000
7.28642865 9.83321412 0.00000000
7.28297125 9.83722943 0.00000000
7.27484723 9.83299011 0.00000000
7.27234076 9.83894276 0.00000000
7.27508517 9.83912555 0.00000000
7.26578388 9.83888722 0.00000000
7.27437644 9.84796892 0.00000000
7.27584198 9.85272223 0.00000000
7.28191980 9.85851123 0.00000000
7.28135222 9.85576143 0.00000000
7.27681918 9.84861097 0.00000000
7.27139851 9.84010119 0.00000000
7.28131960 9.83420287 0.00000000
7.28708912 9.84070068 0.00000000
7.29092791 9.83955343 0.00000000
7.29065821 9.83455076 0.00000000
7.29520071 9.84089889 0.00000000
7.29946744 9.83301697 0.00000000
7.29087303 9.82609996 0.00000000
7.28466593 9.81986008 0.00000000
7.29299580 9.82016245 0.00000000
7.30255935 9.81176640 0.00000000
7.30933796 9.80301928 0.00000000
7.31132060 9.80534710 0.00000000
7.30564370 9.80780936 0.00000000
7.30026491 9.81206415 0.00000000
7.29877288 9.80959557 0.00000000
7.30076877 9.80608314 0.00000000
7.30568293 9.80622661 0.00000000
7.29629589 9.80730710 0.00000000
7.28742680 9.80316161 0.00000000
7.29322342 9.80418279 0.00000000
7.29031827 9.80006045 0.00000000
7.28181185 9.80110523 0.00000000
7.27711497 9.79485156 0.00000000
7.28290501 9.80027213 0.00000000
7.29060153 9.80584605 0.00000000
7.29077185 9.79949890 0.00000000
7.29162021 9.80697165 0.00000000
7.29662938 9.81435528 0.00000000
7.29891550 9.81629660 0.00000000
7.29461385 9.81845776 0.00000000
7.30281528 9.82439769 0.00000000
7.29964185 9.82890478 0.00000000
7.30900407 9.83147137 0.00000000
7.30239356 9.84057956 0.00000000
7.29281891 9.83979637 0.00000000
7.29251135 9.83515222 0.00000000
7.29986041 9.82714152 0.00000000
7.29410022 9.83588800 0.00000000
7.28485676 9.83638669 0.00000000
7.28143126 9.82945529 0.00000000
7.28546113 9.82825765 0.00000000
7.28517189 9.82729476 0.00000000
7.28584013 9.83516674 0.00000000
7.28647069 9.82856276 0.00000000
7.28587423 9.82350206 0.00000000
7.29388393 9.82427875 0.00000000
7.29035702 9.82649151 0.00000000
7.29226096 9.83308712 0.00000000
7.28765477 9.84010646 0.00000000
7.27914868 9.84465343 0.00000000
7.27565836 9.83669949 0.00000000
7.28522279 9.84153799 0.00000000
7.29012514 9.83339888 0.00000000
7.29288492 9.84127614 0.00000000
7.28305895 9.83972420 0.00000000
7.27612238 9.84912364 0.00000000
7.28456816 9.85285696 0.00000000
7.28085929 9.85832561 0.00000000
7.28897546 9.86473882 0.00000000
7.29071547 9.86427824 0.00000000
7.28351676 9.86086075 0.00000000
7.27479842 9.86904432 0.00000000
7.27207474 9.86427109 0.00000000
7.27898089 9.87213036 0.00000000
7.28755657 9.86358591 0.00000000
7.28653837 9.86186297 0.00000000
7.28479343 9.86424782 0.00000000
7.29443308 9.86989944 0.00000000
7.29381054 9.86350243 0.00000000
7.29306599 9.86358549 0.00000000
7.29480771 9.85400117 0.00000000
7.29990988 9.84810029 0.00000000
7.30558630 9.85416006 0.00000000
7.31491788 9.85073015 0.00000000
7.32274658 9.84223070 0.00000000
7.31328914 9.84304198 0.00000000
7.32004102 9.84240385 0.00000000
7.31653236 9.84632748 0.00000000
7.32069985 9.84158061 0.00000000
7.31596601 9.84521102 0.00000000
7.32056401 9.84322986 0.00000000
7.31972468 9.84209379 0.00000000
7.31210666 9.85039400 0.00000000
7.30329655 9.85605650 0.00000000
7.30076082 9.85197953 0.00000000
7.30199099 9.84654550 0.00000000
7.30905059 9.85092748 0.00000000
7.30704709 9.85242313 0.00000000
7.30852428 9.84682671 0.00000000
7.31827848 9.84372535 0.00000000
7.31583112 9.84010307 0.00000000
7.32338492 9.83401423 0.00000000
7.33186681 9.83987710 0.00000000
7.32577010 9.84648440 0.00000000
7.31918089 9.85633170 0.00000000
7.32041351 9.85974334 0.00000000
7.31750097 9.85222193 0.00000000
7.31369525 9.85028208 0.00000000
7.32365465 9.85036279 0.00000000
7.32519677 9.85346039 0.00000000
7.32940657 9.86150770 0.00000000
7.32445422 9.85401296 0.00000000
7.31475167 9.84662028 0.00000000
7.31210791 9.85590138 0.00000000
7.30919474 9.86481852 0.00000000
7.30610815 9.87211804 0.00000000
7.29640948 9.86238546 0.00000000
7.30139601 9.85668901 0.00000000
7.30642211 9.85606138 0.00000000
7.30138828 9.85481791 0.00000000
7.30466447 9.86472508 0.00000000
7.30935669 9.86007693 0.00000000
7.31842385 9.85169416 0.00000000
7.32582042 9.86120095 0.00000000
7.32154932 9.85692283 0.00000000
7.31794134 9.84873612 0.00000000
7.30923321 9.85665622 0.00000000
7.30465990 9.85239402 0.00000000
7.30139286 9.85248776 0.00000000
7.30181995 9.85317956 0.00000000
7.30243064 9.84967357 0.00000000
7.30934667 9.84506671 0.00000000
7.30024966 9.84509973 0.00000000
7.30724684 9.83828520 0.00000000
7.30016510 9.83248742 0.00000000
7.29146811 9.82695449 0.00000000
7.29557975 9.82403444 0.00000000
7.30050550 9.82288481 0.00000000
7.29252323 9.82413037 0.00000000
7.28866321 9.81527824 0.00000000
7.29190862 9.81019871 0.00000000
7.29164653 9.80205589 0.00000000
7.29163747 9.81108505 0.00000000
7.29915585 9.80935789 0.00000000
7.29083649 9.80699752 0.00000000
7.29770066 9.81259619 0.00000000
7.30723500 9.81897282 0.00000000
7.31182139 9.81286536 0.00000000
7.31790529 9.80621982 0.00000000
7.31650554 9.79856413 0.00000000
7.31509549 9.80729972 0.00000000
7.31168172 9.81555919 0.00000000
7.30613516 9.82271218 0.00000000
7.29627145 9.81339759 0.00000000
7.29527956 9.82228369 0.00000000
7.30348935 9.82280260 0.00000000
7.31012826 9.81981636 0.00000000
7.31132452 9.81194488 0.00000000
7.32126588 9.80642301 0.00000000
7.31812019 9.81169215 0.00000000
7.31341408 9.82049470 0.00000000
7.32165120 9.82419805 0.00000000
7.31570277 9.82223628 0.00000000
7.32158638 9.83073005 0.00000000
7.32628228 9.83705277 0.00000000
7.33472053 9.82965898 0.00000000
7.34005555 9.82966151 0.00000000
7.33449220 9.82583559 0.00000000
7.33598223 9.83467697 0.00000000
7.32705386 9.82860210 0.00000000
7.33345743 9.81970255 0.00000000
7.33003798 9.82510561 0.00000000
7.33503405 9.83196610 0.00000000
7.32720657 9.83455945 0.00000000
7.32431416 9.83019974 0.00000000
7.32725363 9.83667057 0.00000000
7.33469490 9.84378108 0.00000000
7.32726795 9.84858911 0.00000000
7.32154612 9.84274813 0.00000000
7.31185736 9.83516714 0.00000000
7.31572787 9.82640838 0.00000000
7.31819977 9.82315488 0.00000000
7.32627460 9.81412943 0.00000000
7.32622326 9.80691017 0.00000000
7.33075323 9.81516122 0.00000000
7.33493588 9.81348567 0.00000000
7.33539729 9.81485752 0.00000000
7.32680750 9.81189593 0.00000000
7.32673652 9.80972768 0.00000000
7.32469755 9.81444026 0.00000000
7.32289232 9.81101607 0.00000000
7.33169976 9.81981240 0.00000000
7.33983913 9.81830376 0.00000000
7.34638082 9.82668435 0.00000000
7.34175444 9.82896803 0.00000000
7.34364552 9.83119937 0.00000000
7.33728374 9.83903537 0.00000000
7.33026683 9.83997018 0.00000000
7.32417770 9.84305913 0.00000000
7.32566862 9.84079118 0.00000000
7.33413550 9.83793505 0.00000000
7.33087148 9.83979999 0.00000000
7.32892576 9.84416763 0.00000000
7.32810845 9.84994664 0.00000000
7.33467435 9.84665948 0.00000000
7.32721162 9.84448514 0.00000000
7.31867632 9.85109390 0.00000000
7.31570831 9.85806734 0.00000000
7.31894571 9.85797566 0.00000000
7.31287730 9.85572165 0.00000000
7.31018416 9.86513097 0.00000000
7.30330976 9.86978680 0.00000000
7.31109312 9.86326503 0.00000000
7.31756009 9.86088346 0.00000000
7.31733814 9.85342271 0.00000000
7.32201714 9.85275038 0.00000000
7.31646466 9.84798939 0.00000000
7.30822245 9.84607295 0.00000000
7.31195241 9.84024073 0.00000000
7.30606158 9.83748918 0.00000000
7.29735020 9.84288382 0.00000000
7.29963665 9.84042405 0.00000000
7.30475853 9.83784580 0.00000000
7.30877729 9.84396848 0.00000000
7.31100944 9.84342397 0.00000000
7.30582370 9.84210860 0.00000000
7.29649692 9.83220046 0.00000000
7.30484214 9.83671730 0.00000000
7.30762777 9.84253837 0.00000000
7.29976943 9.84830342 0.00000000
7.30498747 9.84927846 0.00000000
7.29998803 9.84038997 0.00000000
7.30088024 9.83880793 0.00000000
7.29807969 9.83748709 0.00000000
7.29022222 9.82872691 0.00000000
7.28273950 9.82848275 0.00000000
7.27414343 9.81925223 0.00000000
7.28146773 9.81730047 0.00000000
7.28492051 9.80896629 0.00000000
7.27667638 9.81892156 0.00000000
7.28217512 9.82832760 0.00000000
7.28002171 9.82056299 0.00000000
7.28193986 9.81358871 0.00000000
7.27978369 9.80510058 0.00000000
7.27693679 9.81195949 0.00000000
7.27851489 9.82126850 0.00000000
7.28671544 9.82282071 0.00000000
7.29038717 9.81734362 0.00000000
7.29914614 9.82569790 0.00000000
7.30541030 9.82540971 0.00000000
7.29610206 9.82280354 0.00000000
7.29939722 9.81742862 0.00000000
7.30113612 9.81323318 0.00000000
7.30403639 9.80337358 0.00000000
7.30780590 9.80428868 0.00000000
7.31765667 9.79951091 0.00000000
7.32124754 9.80121680 0.00000000
7.32872532 9.80582930 0.00000000
7.32218768 9.81499820 0.00000000
7.31543106 9.80920554 0.00000000
7.32223998 9.81772131 0.00000000
7.32358847 9.82166169 0.00000000
7.31972388 9.81819969 0.00000000
7.32033244 9.81002511 0.00000000
7.32532340 9.80535884 0.00000000
7.32633970 9.79545959 0.00000000
7.32484730 9.79384421 0.00000000
7.33176798 9.78407536 0.00000000
7.32636644 9.79389465 0.00000000
7.33405034 9.78651932 0.00000000
7.32613536 9.78682108 0.00000000
7.32948426 9.77711547 0.00000000
7.32948686 9.76838671 0.00000000
7.32988207 9.75892562 0.00000000
7.32886866 9.75607174 0.00000000
7.33457167 9.75790235 0.00000000
7.33247687 9.75986711 0.00000000
7.32472266 9.76308266 0.00000000
7.31838047 9.76864749 0.00000000
7.31488401 9.77440977 0.00000000
7.31069219 9.77903848 0.00000000
7.30247148 9.77765466 0.00000000
7.30640216 9.77727784 0.00000000
7.31552199 9.77852527 0.00000000
7.31467611 9.77105241 0.00000000
7.31020490 9.76259101 0.00000000
7.30871022 9.75345700 0.00000000
7.31704577 9.75147139 0.00000000
7.32491073 9.74572835 0.00000000
7.32165006 9.74309003 0.00000000
7.32928658 9.73581498 0.00000000
7.32102819 9.74168257 0.00000000
7.32422841 9.74788779 0.00000000
7.33285876 9.75244143 0.00000000
7.33245255 9.76014786 0.00000000
7.34113040 9.75203299 0.00000000
7.34480842 9.74509341 0.00000000
7.34476956 9.74835978 0.00000000
7.34645879 9.73871149 0.00000000
7.34723717 9.73029220 0.00000000
7.35163545 9.74012261 0.00000000
7.35346053 9.73990000 0.00000000
7.34967001 9.74153788 0.00000000
7.35782843 9.73729728 0.00000000
7.35644947 9.73660054 0.00000000
7.35333771 9.74094798 0.00000000
7.35024321 9.73540782 0.00000000
7.34786361 9.73375273 0.00000000
7.33944797 9.73550598 0.00000000
7.32973335 9.74237556 0.00000000
7.32554498 9.73619557 0.00000000
7.31644587 9.73019090 0.00000000
7.30701436 9.72293481 0.00000000
7.30904732 9.73204873 0.00000000
7.31384080 9.73882278 0.00000000
7.31666429 9.73070575 0.00000000
7.30952210 9.74067375 0.00000000
7.31814669 9.73743389 0.00000000
7.32232887 9.74044391 0.00000000
7.32980913 9.73260297 0.00000000
7.32663696 9.72431602 0.00000000
7.33126620 9.72845462 0.00000000
7.33458040 9.73305775 0.00000000
7.32904826 9.73359747 0.00000000
7.32600463 9.73098820 0.00000000
7.32066757 9.73429988 0.00000000
7.31354394 9.73997690 0.00000000
7.31862619 9.74696402 0.00000000
7.32080786 9.74657291 0.00000000
7.31643154 9.73711190 0.00000000
7.31318160 9.73974205 0.00000000
7.31613873 9.74387607 0.00000000
7.31780731 9.74374294 0.00000000
7.32026014 9.75209196 0.00000000
7.31207152 9.76127577 0.00000000
7.31768255 9.75464903 0.00000000
7.31271066 9.76290491 0.00000000
7.30785979 9.77205313 0.00000000
7.29996213 9.77873314 0.00000000
7.30966353 9.77308897 0.00000000
7.31956162 9.76330561 0.00000000
7.30994505 9.75497632 0.00000000
7.30426021 9.76001307 0.00000000
7.30231392 9.75876233 0.00000000
7.29582240 9.76255438 0.00000000
7.29953030 9.76813075 0.00000000
7.29849524 9.77537794 0.00000000
7.30059867 9.77213103 0.00000000
7.30989560 9.77245039 0.00000000
7.31380444 9.77517038 0.00000000
7.31230639 9.76793242 0.00000000
7.30614879 9.75906665 0.00000000
7.30237145 9.75298839 0.00000000
7.29396676 9.75690091 0.00000000
7.29398102 9.74803845 0.00000001
7.29687124 9.74243785 0.00000001
7.28865259 9.73980516 0.00000001
7.29518357 9.73881473 0.00000001
7.29636498 9.73921677 0.00000001
7.29156529 9.73061561 0.00000001
7.28778691 9.73558604 0.00000001
7.28031017 9.72593058 0.00000001
7.28739838 9.73454446 0.00000001
7.28380718 9.74309707 0.00000001
7.28456518 9.74310288 0.00000001
7.27937235 9.73659146 0.00000001
7.27313262 9.74167067 0.00000001
7.28255416 9.73169771 0.00000001
7.28469173 9.73038606 0.00000001
7.27861287 9.72338624 0.00000001
7.27257712 9.71542673 0.00000001
7.27061622 9.71995383 0.00000001
7.26394134 9.72912398 0.00000001
7.27046958 9.71984034 0.00000001
7.26222600 9.72072181 0.00000001
7.27047067 9.72274528 0.00000001
7.26231313 9.72898840 0.00000001
7.26357735 9.72246334 0.00000001
7.26398430 9.71316750 0.00000001
7.26121814 9.71769732 0.00000001
7.25271522 9.72662450 0.00000001
7.25951260 9.72416261 0.00000001
7.26530376 9.73260102 0.00000001
7.27369056 9.73412915 0.00000001
7.26554586 9.73216698 0.00000001
7.27348258 9.73549718 0.00000001
7.28094925 9.74512845 0.00000001
7.27502807 9.74249254 0.00000001
7.28199706 9.73926711 0.00000001
7.27731046 9.73970570 0.00000001
7.26802863 9.74777163 0.00000001
7.26535598 9.75395976 0.00000001
7.25817808 9.75523878 0.00000001
7.24960622 9.74906056 0.00000001
7.25324596 9.75360360 0.00000001
7.24775078 9.75956059 0.00000001
7.24001699 9.76166156 0.00000001
7.23348346 9.76311813 0.00000001
7.22540280 9.76759785 0.00000001
7.21646722 9.76189462 0.00000001
7.21016449 9.76785879 0.00000001
7.20847146 9.77506679 0.00000001
7.21071482 9.77706955 0.00000001
7.21329915 9.76985023 0.00000001
7.21811674 9.77369875 0.00000001
7.21773250 9.78137683 0.00000001
7.21284817 9.79037401 0.00000001
7.20723976 9.79663256 0.00000001
7.20907311 9.79558675 0.00000001
7.21492630 9.79231754 0.00000001
7.21127198 9.78862637 0.00000001
7.20458599 9.78175845 0.00000001
7.20111075 9.77193095 0.00000001
7.20850970 9.76578264 0.00000001
7.20552736 9.76862747 0.00000001
7.20599384 9.77093623 0.00000001
7.21097992 9.77892372 0.00000001
7.22073840 9.77987070 0.00000001
7.22318122 9.77376556 0.00000001
7.21329393 9.77569570 0.00000001
7.21083304 9.78219305 0.00000001
7.21746295 9.77373127 0.00000001
7.22621313 9.77584876 0.00000001
7.23375067 9.78233253 0.00000001
7.24221022 9.79177797 0.00000001
7.23351770 9.80114403 0.00000001
7.23584059 9.79957580 0.00000001
7.24508870 9.80869186 0.00000001
7.24798610 9.81541829 0.00000001
7.24628192 9.81071755 0.00000001
7.23651530 9.80873581 0.00000001
7.24593139 9.80866853 0.00000001
7.24060060 9.80391959 0.00000001
7.23952507 9.81317324 0.00000001
7.23461548 9.81947957 0.00000001
7.23037249 9.82648501 0.00000001
7.22600832 9.82102467 0.00000001
7.22419752 9.82393164 0.00000001
7.21938050 9.83203649 0.00000001
7.21183234 9.82766047 0.00000001
7.22098767 9.82115641 0.00000001
7.22735463 9.82720538 0.00000001
7.21947152 9.82156892 0.00000001
7.21937247 9.82747661 0.00000001
7.22815328 9.83343646 0.00000001
7.22004862 9.83092519 0.00000001
7.22676243 9.82568316 0.00000001
7.23116755 9.82660431 0.00000001
7.22448352 9.83527233 0.00000001
7.22005972 9.83620133 0.00000001
7.21671815 9.83896936 0.00000001
7.22499373 9.83442204 0.00000001
7.21695738 9.82897220 0.00000001
7.21451995 9.83752926 0.00000001
7.21117974 9.84750105 0.00000001
7.21637265 9.84259533 0.00000001
7.21071160 9.83820921 0.00000001
7.21517001 9.84432081 0.00000001
7.21776063 9.83546486 0.00000001
7.20945789 9.82697120 0.00000001
7.21362209 9.83543563 0.00000001
7.22263485 9.84184909 0.00000001
7.21711284 9.85010983 0.00000001
7.20736770 9.85043754 0.00000001
7.20396720 9.85780986 0.00000001
7.19862029 9.86432422 0.00000001
7.20739067 9.87189040 0.00000001
7.20102735 9.86442170 0.00000001
7.20277275 9.87346003 0.00000001
7.19388622 9.87262818 0.00000001
7.20190751 9.87259057 0.00000001
7.20268174 9.87657516 0.00000001
7.21067000 9.87408520 0.00000001
7.20810216 9.86460764 0.00000001
7.20696783 9.87033613 0.00000001
7.19974826 9.87771049 0.00000001
7.20912294 9.87742744 0.00000001
7.20630274 9.88255927 0.00000001
7.20534194 9.89056839 0.00000001
7.19960916 9.88505885 0.00000001
7.20400415 9.88629529 0.00000001
7.19504791 9.88006843 0.00000001
7.18968325 9.87980707 0.00000001
7.18461423 9.87689253 0.00000001
7.19237170 9.87002514 0.00000001
7.19281620 9.86361087 0.00000001
7.19295376 9.86150063 0.00000001
7.20241072 9.85905542 0.00000001
7.19597988 9.86882746 0.00000001
7.20426958 9.87107290 0.00000001
7.20599829 9.88103225 0.00000001
7.21035717 9.88739375 0.00000001
7.21128776 9.89177481 0.00000001
7.21821776 9.88569051 0.00000001
7.21605971 9.89113532 0.00000001
7.20726882 9.90032907 0.00000001
7.20823369 9.90922461 0.00000001
7.20550116 9.90133752 0.00000001
7.20703696 9.90027887 0.00000001
7.20292679 9.90200465 0.00000001
7.20870649 9.89398594 0.00000001
7.21793756 9.88911028 0.00000001
7.21441776 9.89848569 0.00000001
7.22278356 9.90013232 0.00000000
7.21594642 9.89209540 0.00000001
7.22163037 9.88895589 0.00000001
7.21938114 9.88606237 0.00000001
7.22827143 9.89060540 0.00000000
7.22692286 9.89143514 0.00000000
7.23692045 9.90051164 0.00000000
7.24271034 9.89305167 0.00000000
7.24336623 9.88340922 0.00000000
7.24593487 9.89091087 0.00000000
7.25049813 9.88583631 0.00000000
7.25000289 9.88933579 0.00000000
7.25004723 9.88721685 0.00000000
7.24358663 9.88683209 0.00000000
7.24764069 9.89660838 0.00000000
7.24849546 9.88878611 0.00000000
7.25227704 9.88065480 0.00000000
7.24438700 9.88254949 0.00000000
7.24974267 9.87341173 0.00000000
7.25120216 9.86676965 0.00000000
7.25718065 9.87642314 0.00000000
7.26385896 9.88403967 0.00000000
7.26072141 9.88778372 0.00000000
7.25151762 9.88315089 0.00000000
7.25841398 9.87493533 0.00000000
7.26153371 9.88379889 0.00000000
7.26509369 9.88741427 0.00000000
7.26586191 9.88898711 0.00000000
7.27245597 9.88855862 0.00000000
7.26806095 9.88190297 0.00000000
7.27181660 9.88979629 0.00000000
7.27427345 9.88365705 0.00000000
7.27879506 9.89019455 0.00000000
7.28484058 9.88880314 0.00000000
7.28764732 9.88282590 0.00000000
7.29558522 9.88161593 0.00000000
7.29726323 9.88863089 0.00000000
7.30237991 9.89368379 0.00000000
7.29267374 9.89698615 0.00000000
7.30141663 9.90000091 0.00000000
7.29460488 9.89724775 0.00000000
7.29807591 9.90048223 0.00000000
7.30577368 9.90456991 0.00000000
7.31241405 9.91054570 0.00000000
7.30890257 9.91702096 0.00000000
7.31221711 9.92441154 0.00000000
7.32054550 9.91501868 0.00000000
7.32735385 9.91115124 0.00000000
7.32332902 9.91043821 0.00000000
7.32508785 9.90563652 0.00000000
7.31693176 9.89677188 0.00000000
7.31722125 9.90063341 0.00000000
7.31015882 9.90209123 0.00000000
7.30096013 9.89509397 0.00000000
7.29328552 9.88512995 0.00000000
7.30156013 9.87683391 0.00000000
7.29602764 9.87254061 0.00000000
7.28771187 9.88027293 0.00000000
7.29457086 9.87563842 0.00000000
7.29416647 9.87851626 0.00000000
7.28967490 9.88288703 0.00000000
7.29047516 9.88190161 0.00000000
7.29011270 9.88634411 0.00000000
7.28625265 9.88254739 0.00000000
7.28960412 9.88077515 0.00000000
7.28535089 9.87908930 0.00000000
7.28583040 9.88005999 0.00000000
7.28378004 9.88795990 0.00000000
7.27777912 9.89700416 0.00000000
7.28472207 9.90119910 0.00000000
7.28168513 9.89846315 0.00000000
7.27953679 9.90254473 0.00000000
7.28862492 9.90787572 0.00000000
7.29861445 9.91527528 0.00000000
7.29945797 9.91432019 0.00000000
7.29763312 9.90670734 0.00000000
7.30485762 9.91387815 0.00000000
7.31447306 9.90512679 0.00000000
7.32095440 9.90787814 0.00000000
7.32319269 9.91516163 0.00000000
7.31789029 9.92053709 0.00000000
7.32098401 9.92801886 0.00000000
7.32805976 9.92432162 0.00000000
7.33687157 9.92866454 0.00000000
7.34444188 9.92803104 0.00000000
7.35358457 9.93407798 0.00000000
7.35182356 9.93400610 0.00000000
7.34189770 9.93936730 0.00000000
7.35007115 9.93020912 0.00000000
7.34379602 9.93953330 0.00000000
7.34061858 9.93346051 0.00000000
7.34197120 9.92840202 0.00000000
7.34436142 9.93475530 0.00000000
7.33688542 9.93383129 0.00000000
7.32897180 9.92463232 0.00000000
7.33134164 9.92333000 0.00000000
7.32652010 9.92973336 0.00000000
7.32120614 9.93408702 0.00000000
7.31348180 9.93399764 0.00000000
7.30358859 9.94108714 0.00000000
7.29416541 9.93975270 0.00000000
7.28581844 9.94659551 0.00000000
7.29515973 9.94341636 0.00000000
7.28704744 9.93895306 0.00000000
7.28623565 9.94735448 0.00000000
7.28212040 9.95025467 0.00000000
7.28062740 9.95987036 0.00000000
7.27621032 9.96445205 0.00000000
7.28581347 9.96089320 0.00000000
7.28278392 9.95477926 0.00000000
7.27970548 9.95407953 0.00000000
7.28703600 9.95762614 0.00000000
7.28550620 9.95508343 0.00000000
7.28746703 9.94706584 0.00000000
7.29288782 9.94402641 0.00000000
7.28880414 9.95008014 0.00000000
7.28328252 9.94458274 0.00000000
7.29250613 9.95193515 0.00000000
7.29124696 9.95305756 0.00000000
7.28546319 9.95771480 0.00000000
7.28190791 9.95883431 0.00000000
7.28652973 9.95544393 0.00000000
7.28135914 9.94587179 0.00000000
7.27683133 9.95548041 0.00000000
7.27908224 9.95745087 0.00000000
7.28109314 9.96075730 0.00000000
7.28940191 9.95623861 0.00000000
7.28842379 9.94953884 0.00000000
7.28067369 9.94733459 0.00000000
7.28141301 9.94183944 0.00000000
7.28308848 9.94827528 0.00000000
7.29004864 9.94013641 0.00000000
7.29032021 9.93123793 0.00000000
7.28170863 9.92775408 0.00000000
7.28087430 9.93014657 0.00000000
7.27619379 9.92655788 0.00000000
7.27085509 9.93532957 0.00000000
7.27085694 9.93696609 0.00000000
7.26247593 9.93633430 0.00000000
7.25943707 9.92979553 0.00000000
7.26242993 9.93726515 0.00000000
7.25405743 9.93705773 0.00000000
7.26015806 9.94549621 0.00000000
7.25825460 9.95116298 0.00000000
7.25527103 9.94610123 0.00000000
7.25013862 9.95207092 0.00000000
7.25256122 9.95239892 0.00000000
7.25972892 9.95400799 0.00000000
7.25218562 9.95039938 0.00000000
7.24668666 9.94869457 0.00000000
7.25627769 9.95665398 0.00000000
7.24932800 9.96306585 0.00000000
7.24970315 9.95550570 0.00000000
7.25781848 9.95560637 0.00000000
7.25823800 9.95407976 0.00000000
7.26058421 9.95182810 0.00000000
7.26769801 9.95743613 0.00000000
7.26499800 9.95733352 0.00000000
7.27465651 9.95922776 0.00000000
7.28123545 9.95697067 0.00000000
7.28845177 9.95019165 0.00000000
7.29689284 9.95895534 0.00000000
7.30381181 9.95662139 0.00000000
7.29587752 9.95035023 0.00000000
7.29951720 9.94292465 0.00000000
7.29050234 9.95125820 0.00000000
7.28245589 9.94717661 0.00000000
7.28999733 9.95195435 0.00000000
7.28798480 9.95111448 0.00000000
7.29154373 9.95143072 0.00000000
7.29713744 9.95143278 0.00000000
7.29657872 9.95214225 0.00000000
7.30058914 9.94227266 0.00000000
7.30306276 9.94968962 0.00000000
7.30731291 9.94538576 0.00000000
7.31595119 9.95400278 0.00000000
7.31959920 9.96139343 0.00000000
7.31932420 9.97120755 0.00000000
7.32720374 9.98005566 0.00000000
7.32590914 9.98904507 0.00000000
7.32579788 9.98314383 0.00000000
7.32824554 9.98666072 0.00000000
7.32302715 9.97936674 0.00000000
7.31453013 9.98783186 0.00000000
7.32038801 9.98511277 0.00000000
7.32293337 9.99154536 0.00000000
7.32657142 9.99187966 0.00000000
7.31923189 10.00044484 0.00000000
7.31822486 10.00737013 0.00000000
7.32138662 10.00350155 0.00000000
7.32820639 10.00127603 0.00000000
7.32603788 10.00319709 0.00000000
7.32934011 10.00963916 0.00000000
7.32911784 10.01788971 0.00000000
7.32723961 10.02102834 0.00000000
7.33535674 10.02023470 0.00000000
7.33118519 10.02077599 0.00000000
7.33676733 10.01096325 0.00000000
7.33051533 10.00851344 0.00000000
7.32961917 10.00976450 0.00000000
7.33253224 10.01890803 0.00000000
7.34120702 10.01631848 0.00000000
7.34526443 10.01328911 0.00000000
7.34792313 10.00868254 0.00000000
7.34486500 10.01750072 0.00000000
7.34539118 10.02723002 0.00000000
7.34767101 10.03248679 0.00000000
7.34582881 10.03746548 0.00000000
7.34729558 10.03602224 0.00000000
7.35048594 10.03572402 0.00000000
7.34915041 10.02976743 0.00000000
7.35054266 10.02908841 0.00000000
7.35720797 10.02806430 0.00000000
7.34917163 10.02211511 0.00000000
7.34549152 10.03164219 0.00000000
7.35284997 10.03688925 0.00000000
7.36167102 10.02714920 0.00000000
7.35575484 10.02028590 0.00000000
7.35319882 10.01855268 0.00000000
7.35092901 10.02851233 0.00000000
7.35139652 10.02874202 0.00000000
7.34403957 10.02957405 0.00000000
7.34392040 10.02073563 0.00000000
7.35352820 10.01706487 0.00000000
7.35558842 10.00842942 0.00000000
7.35344019 10.00655942 0.00000000
7.35589997 10.01259186 0.00000000
7.36233374 10.01199523 0.00000000
7.36295146 10.00504121 0.00000000
7.36361072 9.99935813 0.00000000
7.37319376 10.00654572 0.00000000
7.37340871 9.99821685 0.00000000
7.37979816 9.99540428 0.00000000
7.37899663 9.98945444 0.00000000
7.38328909 9.98054312 0.00000000
7.38650045 9.97845817 0.00000000
7.37751164 9.97294154 0.00000000
7.38381140 9.97077481 0.00000000
7.39346783 9.97587503 0.00000000
7.39166430 9.97889911 0.00000000
7.39645378 9.98823516 0.00000000
7.40634548 9.99177999 0.00000000
7.39802305 9.99730155 0.00000000
7.39391246 9.98810614 0.00000000
7.39939172 9.98529110 0.00000000
7.39254432 9.98034010 0.00000000
7.38979440 9.98847296 0.00000000
7.38883644 9.99068104 0.00000000
7.38417334 9.98850717 0.00000000
7.38286975 9.97927055 0.00000000
7.38178064 9.98185325 0.00000000
7.38358906 9.98442457 0.00000000
7.37457452 9.97950199 0.00000000
7.37453952 9.97136789 0.00000000
7.38443751 9.96953282 0.00000000
7.37972857 9.97301944 0.00000000
7.38307314 9.97041648 0.00000000
7.38585819 9.97420267 0.00000000
7.37830523 9.97148213 0.00000000
7.38117099 9.96990822 0.00000000
7.37631555 9.97708498 0.00000000
7.37623545 9.98418899 0.00000000
7.36754219 9.97991744 0.00000000
7.36478709 9.98639766 0.00000000
7.37429417 9.98659867 0.00000000
7.36651417 9.98800090 0.00000000
7.36115176 9.98011153 0.00000000
7.35158233 9.97356885 0.00000000
7.35181886 9.96983081 0.00000000
7.34774874 9.97168954 0.00000000
7.34419868 9.97800649 0.00000000
7.34143223 9.97239443 0.00000000
7.33810591 9.96865943 0.00000000
7.34192180 9.97678036 0.00000000
7.33617250 9.98376896 0.00000000
7.33094150 9.99196328 0.00000000
7.32853631 9.99274044 0.00000000
7.31957231 9.99120267 0.00000000
7.32766180 9.98609876 0.00000000
7.33510951 9.98274524 0.00000000
7.32885548 9.97907890 0.00000000
7.33770774 9.98649393 0.00000000
7.32927781 9.98651663 0.00000000
7.33632472 9.98404051 0.00000000
7.33426733 9.99286511 0.00000000
7.33650430 10.00002597 0.00000000
7.33166372 9.99265575 0.00000000
7.34056117 10.00024891 0.00000000
7.34720406 9.99689685 0.00000000
7.34228888 10.00315991 0.00000000
7.34725213 10.01078583 0.00000000
7.33902764 10.00439801 0.00000000
7.33664566 9.99826840 0.00000000
7.33126303 9.98842689 0.00000000
7.32502377 9.98307512 0.00000000
7.31989311 9.97766007 0.00000000
7.32595979 9.97596677 0.00000000
7.32254133 9.97020997 0.00000000
7.33184935 9.97812942 0.00000000
7.33127030 9.97697656 0.00000000
7.33527831 9.96847157 0.00000000
7.32753139 9.96446095 0.00000000
7.32135275 9.96372700 0.00000000
7.33056592 9.96204520 0.00000000
7.33900711 9.95399871 0.00000000
7.33126554 9.96111878 0.00000000
7.32351252 9.95256981 0.00000000
7.31727743 9.94788026 0.00000000
7.31990177 9.93977476 0.00000000
7.32254447 9.93143070 0.00000000
7.32846814 9.93331975 0.00000000
7.32492128 9.92639192 0.00000000
7.32836684 9.92773540 0.00000000
7.33719714 9.93228231 0.00000000
7.33126959 9.94080685 0.00000000
7.33267799 9.93635329 0.00000000
7.32598121 9.93206705 0.00000000
7.32005532 9.93280183 0.00000000
7.31009519 9.93802542 0.00000000
7.30883407 9.92847318 0.00000000
7.31105649 9.93147242 0.00000000
7.31019326 9.92445034 0.00000000
7.30335310 9.93058505 0.00000000
7.31083889 9.92184005 0.00000000
7.31052740 9.92544969 0.00000000
7.31806604 9.92032879 0.00000000
7.31834922 9.92060933 0.00000000
7.31577218 9.92985258 0.00000000
7.31589091 9.93290285 0.00000000
7.30712737 9.92428297 0.00000000
7.30051835 9.92567293 0.00000000
7.29420634 9.93245001 0.00000000
7.30182859 9.92844063 0.00000000
7.29829230 9.92790726 0.00000000
7.29823886 9.92479645 0.00000000
7.30428859 9.93277973 0.00000000
7.29738859 9.92338392 0.00000000
7.30597329 9.91761137 0.00000000
7.30342278 9.90977778 0.00000000
7.29402931 9.90266936 0.00000000
7.29297364 9.90680684 0.00000000
7.29885672 9.91604119 0.00000000
7.29090605 9.92091338 0.00000000
7.29040099 9.92708510 0.00000000
7.29574165 9.93532658 0.00000000
7.29596275 9.93353963 0.00000000
7.28613519 9.93002467 0.00000000
7.27769022 9.92835759 0.00000000
7.28003675 9.92907639 0.00000000
7.27681174 9.92773646 0.00000000
7.26982428 9.93421029 0.00000000
7.27616769 9.92730381 0.00000000
7.28122709 9.92867419 0.00000000
7.27348092 9.93264140 0.00000000
7.27839705 9.92540976 0.00000000
7.27922314 9.92781608 0.00000000
7.28322934 9.93463449 0.00000000
7.29061544 9.93935448 0.00000000
7.29683181 9.94407066 0.00000000
7.29301049 9.94160706 0.00000000
7.28893893 9.94710056 0.00000000
7.29255667 9.93952853 0.00000000
7.28936595 9.94171180 0.00000000
7.28139353 9.93737039 0.00000000
7.27656145 9.92760945 0.00000000
7.28626100 9.92142891 0.00000000
7.28846129 9.91865181 0.00000000
7.28756331 9.92636597 0.00000000
7.29420243 9.92766133 0.00000000
7.29333568 9.91779522 0.00000000
7.28532259 9.92666162 0.00000000
7.28987096 9.92455696 0.00000000
7.28580359 9.93407388 0.00000000
7.29343949 9.93352439 0.00000000
7.29301052 9.94004910 0.00000000
7.30098770 9.93309625 0.00000000
7.30133536 9.94164810 0.00000000
7.30191605 9.94556657 0.00000000
7.30247821 9.95504763 0.00000000
7.30439993 9.95538935 0.00000000
7.31146786 9.94635524 0.00000000
7.32094021 9.94628384 0.00000000
7.32293863 9.94143300 0.00000000
7.32120491 9.94329349 0.00000000
7.32265000 9.94060072 0.00000000
7.32135555 9.94484883 0.00000000
7.32933417 9.94808809 0.00000000
7.32066184 9.95140582 0.00000000
7.31769870 9.95636336 0.00000000
7.30963679 9.96007508 0.00000000
7.30457318 9.95378788 0.00000000
7.30640036 9.95727689 0.00000000
7.30102218 9.95315035 0.00000000
7.30510300 9.94665514 0.00000000
7.30552254 9.94467097 0.00000000
7.31021728 9.94482001 0.00000000
7.31056721 9.94209632 0.00000000
7.31515626 9.93346211 0.00000000
7.31216473 9.93883100 0.00000000
7.30335763 9.93541023 0.00000000
7.30628782 9.94213726 0.00000000
7.31096464 9.94489559 0.00000000
7.31270719 9.93532266 0.00000000
7.31037906 9.94081743 0.00000000
7.30584424 9.94472817 0.00000000
7.30831533 9.93866519 0.00000000
7.29955092 9.94010190 0.00000000
7.30835716 9.94546610 0.00000000
7.30988514 9.95437836 0.00000000
7.30223549 9.95196513 0.00000000
7.30236978 9.96091015 0.00000000
7.29390930 9.95117409 0.00000000
7.28734590 9.96014972 0.00000000
7.27769705 9.96901525 0.00000000
7.28276635 9.97561764 0.00000000
7.28275873 9.96696138 0.00000000
7.29261043 9.95850644 0.00000000
7.28958327 9.95350905 0.00000000
7.29169907 9.95585288 0.00000000
7.29935769 9.96236860 0.00000000
7.30907734 9.96278631 0.00000000
7.30579905 9.95396083 0.00000000
7.29979219 9.94410558 0.00000000
7.30653052 9.93523896 0.00000000
7.30391713 9.93008741 0.00000000
7.31276025 9.92837703 0.00000000
7.30797485 9.92672200 0.00000000
7.31001156 9.93530079 0.00000000
7.30824819 9.94015652 0.00000000
7.30091210 9.94234188 0.00000000
7.30560323 9.95089660 0.00000000
7.30059854 9.95287743 0.00000000
7.30209153 9.94745908 0.00000000
7.29366042 9.94946179 0.00000000
7.29186959 9.94332695 0.00000000
7.29237926 9.94680936 0.00000000
7.28457818 9.94622192 0.00000000
7.28546201 9.94880385 0.00000000
7.28479799 9.94830344 0.00000000
7.28400488 9.94771241 0.00000000
7.27460546 9.95452486 0.00000000
7.27161660 9.95341582 0.00000000
7.27299658 9.96079561 0.00000000
7.27034821 9.95628274 0.00000000
7.27213572 9.95136502 0.00000000
7.27864584 9.95890463 0.00000000
7.27997172 9.95987588 0.00000000
7.28147231 9.95535026 0.00000000
7.28818361 9.96127814 0.00000000
7.29752356 9.95574595 0.00000000
7.29931089 9.95597851 0.00000000
7.30685106 9.96218226 0.00000000
7.30999515 9.95690518 0.00000000
7.30366706 9.95913252 0.00000000
7.30098017 9.96355186 0.00000000
7.30728554 9.96342481 0.00000000
7.31210351 9.96729625 0.00000000
7.31132361 9.96085549 0.00000000
7.30715342 9.95509889 0.00000000
7.30871229 9.96437461 0.00000000
7.30807979 9.96852330 0.00000000
7.31709379 9.96559090 0.00000000
7.31762022 9.96061129 0.00000000
7.31360284 9.95507116 0.00000000
7.30525924 9.95410869 0.00000000
7.31013704 9.94745438 0.00000000
7.31611818 9.94451013 0.00000000
7.31049018 9.94273761 0.00000000
7.31763823 9.94439788 0.00000000
7.31441605 9.94156789 0.00000000
7.31966141 9.93555748 0.00000000
7.32048969 9.93436032 0.00000000
7.32955056 9.94384689 0.00000000
7.31963196 9.95278775 0.00000000
7.32678646 9.94538252 0.00000000
7.32393798 9.94772687 0.00000000
7.31483991 9.94676372 0.00000000
7.30689840 9.95399993 0.00000000
7.31207867 9.95499454 0.00000000
7.30465639 9.95925438 0.00000000
7.29841514 9.96194932 0.00000000
7.29148919 9.96632724 0.00000000
7.28846350 9.97274989 0.00000000
7.29225996 9.98264874 0.00000000
7.29889874 9.97580916 0.00000000
7.29146110 9.97447475 0.00000000
7.29262880 9.96517620 0.00000000
7.30123555 9.97211872 0.00000000
7.29962381 9.97387917 0.00000000
7.29995123 9.96791534 0.00000000
7.29541847 9.96679217 0.00000000
7.29917443 9.96960859 0.00000000
7.30347778 9.97280963 0.00000000
7.29557387 9.97568993 0.00000000
7.29367700 9.97943906 0.00000000
7.28899884 9.98592702 0.00000000
7.27996200 9.98351883 0.00000000
7.28004826 9.99218800 0.00000000
7.28689997 9.98308262 0.00000000
7.28914064 9.97995547 0.00000000
7.28141518 9.97392277 0.00000000
7.27574408 9.98074054 0.00000000
7.27709051 9.98959797 0.00000000
7.27783704 9.99160832 0.00000000
7.27159654 10.00045269 0.00000000
7.26858589 10.00203622 0.00000000
7.27181464 9.99675896 0.00000000
7.27705553 10.00265884 0.00000000
7.28129986 9.99605542 0.00000000
7.28260314 10.00348354 0.00000000
7.28292553 9.99965550 0.00000000
7.28356117 9.99717286 0.00000000
7.28998104 10.00192761 0.00000000
7.28503679 10.00279092 0.00000000
7.27975591 9.99486364 0.00000000
7.27579778 9.99601331 0.00000000
7.26741008 9.98703020 0.00000000
7.26874885 9.99550848 0.00000000
7.26767671 9.99359836 0.00000000
7.27313200 9.99969796 0.00000000
7.27824649 9.99582999 0.00000000
7.28525295 9.99144486 0.00000000
7.27971547 9.98998845 0.00000000
7.28141632 9.98829026 0.00000000
7.28315890 9.98124704 0.00000000
7.29110658 9.98696726 0.00000000
7.29283146 9.99514110 0.00000000
7.28778554 9.98864736 0.00000000
7.29754086 9.99067428 0.00000000
7.29313723 9.99189110 0.00000000
7.29129546 9.99588813 0.00000000
7.28986433 9.99435129 0.00000000
7.28220926 9.98944660 0.00000000
7.29173012 9.97956404 0.00000000
7.29794282 9.98253247 0.00000000
7.30280913 9.97507079 0.00000000
7.29794306 9.97682656 0.00000000
7.29737269 9.97870067 0.00000000
7.29558846 9.98217189 0.00000000
7.30254278 9.98123971 0.00000000
7.30289097 9.97417927 0.00000000
7.30819815 9.97829390 0.00000000
7.30938342 9.97269128 0.00000000
7.30728447 9.96474428 0.00000000
7.31646245 9.95718897 0.00000000
7.31143768 9.95007403 0.00000000
7.30947418 9.95388278 0.00000000
7.31448644 9.94826321 0.00000000
7.30882302 9.95720955 0.00000000
7.30029313 9.96414025 0.00000000
7.30674965 9.96684486 0.00000000
7.30524973 9.96759707 0.00000000
7.29878489 9.96704966 0.00000000
7.30301601 9.96744497 0.00000000
7.29337725 9.96145227 0.00000000
7.28768861 9.95664133 0.00000000
7.29152150 9.95176435 0.00000000
7.29187075 9.95801489 0.00000000
7.29544909 9.95271865 0.00000000
7.29441705 9.95335353 0.00000000
7.30230155 9.95129544 0.00000000
7.30210895 9.94280468 0.00000000
7.29712207 9.93556117 0.00000000
7.28866159 9.93123337 0.00000000
7.28054895 9.93919083 0.00000000
7.28940164 9.93777675 0.00000000
7.28621522 9.93900023 0.00000000
7.29433335 9.94211346 0.00000000
7.30129624 9.93237121 0.00000000
7.29907533 9.92702259 0.00000000
7.30716323 9.93187624 0.00000000
7.30800184 9.94138551 0.00000000
7.31350668 9.94613892 0.00000000
7.31989024 9.94953544 0.00000000
7.31780695 9.93978941 0.00000000
7.30899358 9.94256770 0.00000000
7.31464673 9.93577979 0.00000000
7.32374267 9.94137932 0.00000000
7.31609265 9.94641408 0.00000000
7.32132424 9.94317987 0.00000000
7.31985796 9.94943607 0.00000000
7.31418160 9.95209488 0.00000000
7.30654272 9.95846383 0.00000000
7.30523250 9.96633548 0.00000000
7.30299354 9.96034803 0.00000000
7.31038884 9.96175590 0.00000000
7.30445956 9.96488085 0.00000000
7.31019027 9.96363797 0.00000000
7.31286386 9.96996466 0.00000000
7.30558116 9.97752775 0.00000000
7.30065901 9.96834467 0.00000000
7.29968435 9.96504897 0.00000000
7.29170123 9.97272674 0.00000000
7.28508766 9.96940324 0.00000000
7.28844150 9.96638589 0.00000000
7.27992038 9.96910105 0.00000000
7.28760041 9.97061410 0.00000000
7.29005929 9.97932830 0.00000000
7.29177436 9.97927287 0.00000000
7.29760407 9.97374484 0.00000000
7.29463101 9.98180941 0.00000000
7.28814488 9.97604717 0.00000000
7.29741873 9.97924407 0.00000000
7.29790452 9.98860422 0.00000000
7.30571716 9.99258291 0.00000000
7.31325699 9.99212038 0.00000000
7.31502454 9.99519326 0.00000000
7.31391178 9.99759614 0.00000000
7.31838679 9.99720750 0.00000000
7.31393986 9.99125854 0.00000000
7.32237116 9.99054617 0.00000000
7.31840751 9.98353868 0.00000000
7.31470139 9.97834617 0.00000000
7.30973573 9.97603914 0.00000000
7.30286243 9.97866525 0.00000000
7.30746302 9.98018001 0.00000000
7.29866142 9.97210805 0.00000000
7.29563247 9.98067609 0.00000000
7.28828633 9.97720481 0.00000000
7.29378778 9.96766976 0.00000000
7.29644683 9.96585168 0.00000000
7.30011304 9.96865326 0.00000000
7.29681622 9.97308422 0.00000000
7.28882054 9.96753058 0.00000000
7.28370428 9.95833903 0.00000000
7.27430127 9.95790961 0.00000000
7.26757390 9.95938384 0.00000000
7.26090679 9.95554373 0.00000000
7.26558619 9.95026270 0.00000000
7.26788973 9.94936864 0.00000000
7.26140865 9.95351790 0.00000000
7.25883273 9.95377414 0.00000000
7.25017773 9.94397289 0.00000000
7.24483795 9.95098125 0.00000000
7.23948574 9.94436356 0.00000000
7.23697724 9.95327673 0.00000000
7.24334092 9.95464023 0.00000000
7.25170565 9.96447413 0.00000000
7.25985201 9.96871778 0.00000000
7.26170390 9.95982393 0.00000000
7.26053477 9.96414647 0.00000000
7.26311042 9.96116836 0.00000000
7.26493841 9.96253483 0.00000000
7.27478180 9.96478694 0.00000000
7.27845047 9.96253725 0.00000000
7.27622080 9.96553646 0.00000000
7.28248934 9.96596645 0.00000000
7.28073175 9.96872145 0.00000000
7.27889647 9.97470768 0.00000000
7.26894824 9.97135780 0.00000000
7.26901390 9.97074222 0.00000000
7.26065664 9.96890294 0.00000000
7.25264727 9.96307850 0.00000000
7.24571633 9.95537666 0.00000000
7.25519050 9.94646445 0.00000000
7.25933192 9.95437033 0.00000000
7.26163648 9.96231369 0.00000000
7.25451914 9.96906707 0.00000000
7.24536908 9.96636387 0.00000000
7.24683303 9.96808804 0.00000000
7.25501223 9.96203675 0.00000000
7.25893782 9.95819936 0.00000000
7.26274131 9.96346827 0.00000000
7.25862222 9.96677456 0.00000000
7.26290757 9.96837168 0.00000000
7.25356157 9.96537030 0.00000000
7.24853436 9.95606297 0.00000000
7.24191987 9.96536068 0.00000000
7.23885969 9.96339018 0.00000000
7.22966172 9.96155118 0.00000000
7.22220511 9.96717205 0.00000000
7.22995829 9.96222748 0.00000000
7.23840302 9.95464976 0.00000000
7.23504348 9.94919662 0.00000000
7.23155190 9.94416236 0.00000000
7.24032015 9.95265564 0.00000000
7.24679957 9.94611227 0.00000000
7.23967740 9.94614699 0.00000000
7.23985175 9.93812803 0.00000000
7.24869241 9.94288757 0.00000000
7.24545780 9.93413190 0.00000000
7.24119264 9.94218125 0.00000000
7.23151019 9.93553911 0.00000000
7.23487658 9.93553738 0.00000000
7.23322536 9.93296187 0.00000000
7.22957074 9.94046450 0.00000000
7.23946826 9.94031463 0.00000000
7.23108666 9.93209013 0.00000000
7.22489184 9.93717956 0.00000000
7.23040934 9.94409004 0.00000000
7.22792723 9.95374789 0.00000000
7.22140977 9.95025452 0.00000000
7.21520593 9.94123842 0.00000000
7.21143334 9.93745669 0.00000000
7.21605414 9.93348111 0.00000000
7.20669425 9.92890302 0.00000001
7.21544503 9.93811776 0.00000000
7.21229828 9.92995853 0.00000000
7.21480246 9.92833207 0.00000000
7.22312467 9.92113317 0.00000000
7.22050270 9.91639019 0.00000000
7.22443309 9.90817221 0.00000000
7.22513142 9.91666454 0.00000000
7.21815396 9.90815270 0.00000000
7.21305155 9.91201916 0.00000001
7.22161387 9.90952904 0.00000000
7.21614784 9.91136303 0.00000000
7.21367450 9.91762872 0.00000000
7.20907070 9.92605914 0.00000000
7.20811441 9.93190644 0.00000000
7.21463519 9.93431673 0.00000000
7.20690475 9.94302762 0.00000000
7.19779663 9.94599617 0.00000001
7.20358879 9.95022885 0.00000000
7.21111378 9.95096389 0.00000000
7.21452312 9.95459841 0.00000000
7.21341215 9.94727206 0.00000000
7.21828985 9.94372842 0.00000000
7.22776167 9.95209130 0.00000000
7.22417037 9.94989125 0.00000000
7.22151236 9.94285444 0.00000000
7.22814520 9.94205901 0.00000000
7.22393198 9.93980147 0.00000000
7.21444562 9.94265522 0.00000000
7.21140141 9.94326577 0.00000000
7.21111863 9.93994599 0.00000000
7.21363760 9.93207116 0.00000000
7.21075945 9.94152160 0.00000000
7.20309694 9.95114129 0.00000000
7.19987722 9.95271639 0.00000000
7.19425414 9.95688401 0.00000000
7.20189819 9.95241606 0.00000000
7.19625346 9.95671775 0.00000000
7.20034056 9.94674657 0.00000000
7.19780641 9.95228955 0.00000000
7.19400200 9.95050057 0.00000001
7.20109265 9.94744347 0.00000000
7.19781250 9.95725042 0.00000000
7.19061496 9.96224858 0.00000000
7.18841129 9.96271017 0.00000001
7.19505293 9.96324060 0.00000000
7.19046488 9.97290835 0.00000000
7.19217460 9.98130790 0.00000000
7.19164356 9.97897304 0.00000000
7.19488157 9.98635881 0.00000000
7.18996995 9.97867104 0.00000000
7.19200127 9.97961326 0.00000000
7.19643583 9.97912145 0.00000000
7.19648568 9.97225762 0.00000000
7.20006675 9.97390178 0.00000000
7.19209617 9.96882790 0.00000000
7.19824338 9.96859627 0.00000000
7.19162622 9.96575840 0.00000000
7.18752117 9.96689881 0.00000000
7.19227912 9.96258695 0.00000000
7.20006842 9.95641982 0.00000000
7.20848010 9.96406069 0.00000000
7.20984317 9.97255452 0.00000000
7.20889561 9.96844795 0.00000000
7.20697253 9.96103315 0.00000000
7.19960420 9.97024324 0.00000000
7.20689935 9.97248063 0.00000000
7.21460503 9.96288861 0.00000000
7.21706655 9.95857934 0.00000000
7.21634185 9.95623197 0.00000000
7.21535747 9.96622737 0.00000000
7.20861725 9.96703556 0.00000000
7.20460334 9.95843325 0.00000000
7.19642441 9.95124269 0.00000000
7.20157429 9.95060197 0.00000000
7.19736944 9.94761289 0.00000000
7.19688892 9.94074417 0.00000001
7.19604921 9.94460544 0.00000001
7.20005275 9.95360944 0.00000000
7.19574165 9.94389154 0.00000001
7.19136089 9.95110548 0.00000001
7.19943758 9.94498533 0.00000000
7.19060104 9.95111231 0.00000001
7.18511307 9.95527773 0.00000001
7.19467363 9.95449409 0.00000000
7.19996870 9.94829340 0.00000000
7.20815088 9.93890999 0.00000000
7.21740575 9.94797169 0.00000000
7.22531205 9.95022043 0.00000000
7.22250876 9.95751732 0.00000000
7.23094333 9.94820845 0.00000000
7.23054110 9.95223030 0.00000000
7.22524358 9.94626717 0.00000000
7.21596308 9.94062933 0.00000000
7.21256544 9.93753859 0.00000000
7.21220289 9.92918235 0.00000000
7.20287550 9.93339185 0.00000001
7.20828387 9.92367375 0.00000001
7.20892732 9.93199733 0.00000000
7.21858934 9.92527567 0.00000000
7.22669089 9.92205056 0.00000000
7.23314199 9.92052763 0.00000000
7.22965340 9.91372605 0.00000000
7.23374478 9.91555347 0.00000000
7.22669679 9.92120067 0.00000000
7.23100709 9.92175491 0.00000000
7.23852674 9.92406293 0.00000000
7.24415239 9.92830361 0.00000000
7.24107099 9.92434438 0.00000000
7.24349586 9.93380655 0.00000000
7.24432672 9.93548965 0.00000000
7.25180053 9.92656938 0.00000000
7.25907510 9.93463564 0.00000000
7.26209233 9.94355352 0.00000000
7.25571010 9.93941908 0.00000000
7.25964316 9.94454263 0.00000000
7.25263617 9.94832525 0.00000000
7.25091510 9.94800211 0.00000000
7.24629191 9.93837703 0.00000000
7.24723113 9.94643787 0.00000000
7.24038242 9.93918964 0.00000000
7.24389146 9.94339397 0.00000000
7.24404082 9.94911683 0.00000000
7.23921048 9.95813511 0.00000000
7.23167088 9.95728599 0.00000000
7.22666949 9.95060676 0.00000000
7.22517721 9.94456933 0.00000000
7.22749406 9.94647011 0.00000000
7.23640528 9.93661433 0.00000000
7.24476889 9.92916112 0.00000000
7.24742856 9.92172025 0.00000000
7.24541588 9.92298813 0.00000000
7.24075052 9.92590527 0.00000000
7.24816730 9.92175722 0.00000000
7.25196817 9.92093385 0.00000000
7.25584938 9.93006253 0.00000000
7.26000084 9.93830401 0.00000000
7.25761556 9.94272371 0.00000000
7.26234578 9.94437059 0.00000000
7.25752765 9.93700162 0.00000000
7.26423007 9.93487335 0.00000000
7.27018333 9.93315107 0.00000000
7.26939332 9.93653427 0.00000000
7.27568680 9.93236193 0.00000000
7.28396093 9.92926586 0.00000000
7.27919848 9.93781398 0.00000000
7.27493079 9.93394566 0.00000000
7.26831510 9.93864773 0.00000000
7.27594910 9.92957973 0.00000000
7.28436170 9.92490402 0.00000000
7.29245228 9.92428385 0.00000000
7.30127815 9.93404646 0.00000000
7.31103035 9.93100627 0.00000000
7.30693337 9.93153720 0.00000000
7.31152047 9.92295699 0.00000000
7.30276536 9.91909701 0.00000000
7.30241244 9.91509750 0.00000000
7.29692463 9.92421265 0.00000000
7.29704952 9.93376067 0.00000000
7.28911037 9.93467941 0.00000000
7.29892303 9.92906532 0.00000000
7.29160536 9.92809398 0.00000000
7.29422363 9.93005814 0.00000000
7.29166343 9.93650503 0.00000000
7.29444334 9.93030386 0.00000000
7.29311125 9.94011113 0.00000000
7.29516758 9.93983635 0.00000000
7.29168340 9.93681018 0.00000000
7.29026374 9.94258384 0.00000000
7.28633376 9.93986706 0.00000000
7.28812065 9.94830921 0.00000000
7.28520606 9.95221141 0.00000000
7.27741080 9.95882669 0.00000000
7.27976510 9.95956199 0.00000000
7.27974509 9.96794754 0.00000000
7.28430695 9.95830222 0.00000000
7.27708310 9.95794714 0.00000000
7.26854856 9.95880892 0.00000000
7.27797484 9.94920970 0.00000000
7.27585369 9.94316221 0.00000000
7.26663913 9.93646251 0.00000000
7.25798782 9.93065666 0.00000000
7.25524807 9.93703256 0.00000000
7.26318502 9.93045500 0.00000000
7.26027635 9.93149953 0.00000000
7.26415543 9.93238918 0.00000000
7.27033980 9.93298319 0.00000000
7.26898970 9.93318100 0.00000000
7.26201498 9.93182726 0.00000000
7.25431258 9.93371775 0.00000000
7.25039891 9.93845609 0.00000000
7.25582223 9.93594041 0.00000000
7.25850371 9.93861798 0.00000000
7.26190157 9.94289157 0.00000000
7.26664424 9.93734105 0.00000000
7.25718487 9.94649012 0.00000000
7.26112934 9.95484687 0.00000000
7.25400984 9.96302665 0.00000000
7.26024728 9.97004549 0.00000000
7.26747248 9.97822205 0.00000000
7.27318857 9.97569261 0.00000000
7.26907582 9.96657626 0.00000000
7.26086784 9.96711296 0.00000000
7.25432423 9.96130327 0.00000000
7.26334294 9.96469268 0.00000000
7.26104641 9.95705003 0.00000000
7.25718910 9.96674641 0.00000000
7.25116357 9.96482169 0.00000000
7.25850375 9.96503943 0.00000000
7.26080048 9.97364420 0.00000000
7.25937322 9.96403718 0.00000000
7.26760045 9.96189253 0.00000000
7.26824381 9.95934889 0.00000000
7.27579409 9.95054032 0.00000000
7.27736769 9.94280883 0.00000000
7.27187910 9.94503565 0.00000000
7.27926537 9.94303212 0.00000000
7.28556982 9.94586250 0.00000000
7.28809027 9.93744201 0.00000000
7.29545014 9.93374518 0.00000000
7.28681858 9.93111529 0.00000000
7.29217703 9.92444337 0.00000000
7.29634582 9.91992037 0.00000000
7.30048598 9.91563167 0.00000000
7.29804553 9.90745255 0.00000000
7.30647466 9.89762839 0.00000000
7.29996086 9.89029558 0.00000000
7.30102863 9.89631201 0.00000000
7.30673561 9.90562574 0.00000000
7.30976627 9.90762583 0.00000000
7.31167375 9.91328254 0.00000000
7.30817518 9.91306636 0.00000000
7.30840096 9.91730090 0.00000000
7.31292748 9.91372798 0.00000000
7.31153035 9.90392338 0.00000000
7.30842972 9.89399396 0.00000000
7.30324890 9.90037743 0.00000000
7.29641754 9.89303955 0.00000000
7.29291911 9.89206451 0.00000000
7.28535883 9.90078898 0.00000000
7.28845759 9.90001098 0.00000000
7.29695024 9.89041700 0.00000000
7.29649109 9.88725403 0.00000000
7.29380856 9.89645994 0.00000000
7.28653686 9.88804466 0.00000000
7.28059400 9.88250567 0.00000000
7.28613298 9.87753695 0.00000000
7.29288210 9.87168934 0.00000000
7.28342740 9.87542706 0.00000000
7.28242123 9.87982385 0.00000000
7.27911150 9.87133771 0.00000000
7.28653491 9.86700499 0.00000000
7.29048177 9.86196939 0.00000000
7.28231023 9.86158088 0.00000000
7.27234675 9.86229387 0.00000000
7.26889553 9.87111482 0.00000000
7.26336201 9.87478084 0.00000000
7.26348826 9.88100125 0.00000000
7.25360675 9.88031951 0.00000000
7.26082386 9.88296114 0.00000000
7.25537393 9.88257340 0.00000000
7.25875800 9.89102843 0.00000000
7.26112668 9.89625802 0.00000000
7.25612347 9.90116513 0.00000000
7.24848307 9.90610414 0.00000000
7.24270532 9.91425776 0.00000000
7.24461490 9.90598493 0.00000000
7.25129440 9.90570901 0.00000000
7.25440871 9.90300832 0.00000000
7.24547727 9.90826804 0.00000000
7.23752953 9.91702965 0.00000000
7.24309084 9.92391344 0.00000000
7.24089096 9.91766841 0.00000000
7.23221378 9.91046878 0.00000000
7.23228181 9.90322960 0.00000000
7.22801700 9.89936932 0.00000000
7.22385704 9.90126658 0.00000000
7.21536014 9.89340381 0.00000001
7.22025189 9.89795587 0.00000001
7.22625132 9.90721574 0.00000000
7.23164843 9.90355138 0.00000000
7.23040808 9.90465351 0.00000000
7.23968450 9.91274484 0.00000000
7.23836129 9.90889355 0.00000000
7.22961035 9.91366645 0.00000000
7.23107982 9.91266125 0.00000000
7.22845344 9.90780221 0.00000000
7.23049480 9.89842828 0.00000000
7.23362878 9.89195985 0.00000000
7.24137776 9.88558928 0.00000000
7.24499169 9.87855808 0.00000000
7.23519917 9.87738891 0.00000000
7.23280529 9.87487231 0.00000001
7.23332647 9.88086431 0.00000000
7.22567901 9.88777684 0.00000001
7.22386880 9.88202923 0.00000001
7.22842507 9.87446378 0.00000001
7.22115700 9.86676304 0.00000001
7.21474109 9.87621604 0.00000001
7.21709061 9.87215255 0.00000001
7.21953193 9.88075692 0.00000001
7.22182634 9.88090838 0.00000001
7.22057785 9.88551599 0.00000001
7.22013197 9.88118309 0.00000001
7.21584761 9.88130774 0.00000001
7.21606925 9.87676450 0.00000001
7.20825614 9.86803274 0.00000001
7.21038360 9.85818818 0.00000001
7.21585412 9.84976604 0.00000001
7.20972851 9.85086956 0.00000001
7.20901891 9.85273829 0.00000001
7.20591875 9.84541575 0.00000001
7.21360745 9.83794073 0.00000001
7.22253553 9.83061221 0.00000001
7.23101964 9.83567587 0.00000001
7.23547167 9.84160086 0.00000001
7.24175432 9.84692582 0.00000001
7.24038290 9.84221939 0.00000001
7.24791791 9.84322032 0.00000001
7.25715682 9.83440958 0.00000000
7.25171666 9.82631306 0.00000001
7.25367722 9.82444979 0.00000001
7.25657341 9.81899886 0.00000001
7.25331147 9.82324654 0.00000001
7.25368737 9.81504878 0.00000001
7.25868200 9.82201468 0.00000001
7.26668212 9.82824124 0.00000000
7.26854472 9.82542644 0.00000000
7.26094287 9.82258986 0.00000000
7.27053098 9.82195206 0.00000000
7.26345319 9.81335136 0.00000001
7.26236435 9.81169543 0.00000001
7.26547233 9.81245156 0.00000000
7.26912586 9.82045928 0.00000000
7.27554338 9.81150992 0.00000000
7.26592279 9.80562641 0.00000001
7.25987038 9.79915312 0.00000001
7.25194518 9.79858234 0.00000001
