4.01949848 4.84160438 0.23128540
4.01449665 4.83913121 0.23441287
4.00945000 4.83663561 0.23759675
4.00435818 4.83411742 0.24083801
3.99922083 4.83157645 0.24413761
3.99403759 4.82901253 0.24749652
3.98880812 4.82642550 0.25091572
3.98353209 4.82381519 0.25439617
3.97820918 4.82118145 0.25793885
3.97283906 4.81852412 0.26154471
3.96742145 4.81584305 0.26521474
3.96195604 4.81313811 0.26894987
3.95644256 4.81040915 0.27275106
3.95088075 4.80765605 0.27661925
3.94527037 4.80487869 0.28055535
3.93961117 4.80207696 0.28456029
3.93390295 4.79925075 0.28863495
3.92814551 4.79639997 0.29278020
3.92233867 4.79352454 0.29699691
3.91648228 4.79062437 0.30128590
3.91057621 4.78769941 0.30564797
3.90462034 4.78474960 0.31008388
3.89861460 4.78177490 0.31459439
3.89255891 4.77877529 0.31918018
3.88645326 4.77575075 0.32384193
3.88029763 4.77270128 0.32858023
3.87409205 4.76962690 0.33339567
3.86783658 4.76652763 0.33828876
3.86153131 4.76340354 0.34325997
3.85517636 4.76025467 0.34830969
3.84877191 4.75708111 0.35343828
3.84231814 4.75388297 0.35864599
3.83581529 4.75066036 0.36393304
3.82926365 4.74741342 0.36929956
3.82266354 4.74414232 0.37474557
3.81601531 4.74084723 0.38027105
3.80931938 4.73752837 0.38587587
3.80257620 4.73418596 0.39155979
3.79578628 4.73082025 0.39732251
3.78895018 4.72743152 0.40316359
3.78206849 4.72402007 0.40908250
3.77514188 4.72058623 0.41507859
3.76817105 4.71713036 0.42115110
3.76115677 4.71365283 0.42729916
3.75409986 4.71015406 0.43352175
3.74700121 4.70663448 0.43981774
3.73986174 4.70309455 0.44618587
3.73268245 4.69953479 0.45262473
3.72546440 4.69595570 0.45913278
3.71820871 4.69235785 0.46570835
3.71091654 4.68874182 0.47234962
3.70358914 4.68510822 0.47905462
3.69622781 4.68145771 0.48582123
3.68883391 4.67779096 0.49264720
3.68140885 4.67410867 0.49953013
3.67395413 4.67041159 0.50646746
3.66647129 4.66670049 0.51345650
3.65896193 4.66297615 0.52049439
3.65142772 4.65923941 0.52757816
3.64387038 4.65549112 0.53470469
3.63629168 4.65173218 0.54187070
3.62869347 4.64796348 0.54907280
3.62107763 4.64418597 0.55630748
3.61344610 4.64040061 0.56357108
3.60580087 4.63660840 0.57085984
3.59814399 4.63281034 0.57816990
3.59047754 4.62900747 0.58549727
3.58280364 4.62520085 0.59283790
3.57512445 4.62139156 0.60018762
3.56744219 4.61758068 0.60754220
3.55975909 4.61376933 0.61489736
3.55207740 4.60995863 0.62224874
3.54439943 4.60614973 0.62959195
3.53672749 4.60234376 0.63692256
3.52906391 4.59854190 0.64423611
3.52141103 4.59474530 0.65152815
3.51377122 4.59095514 0.65879422
3.50614682 4.58717259 0.66602987
3.49854022 4.58339882 0.67323070
3.49095376 4.57963500 0.68039232
3.48338981 4.57588232 0.68751041
3.47585070 4.57214192 0.69458072
3.46833876 4.56841496 0.70159905
3.46085631 4.56470260 0.70856132
3.45340561 4.56100596 0.71546353
3.44598892 4.55732616 0.72230179
3.43860847 4.55366430 0.72907233
3.43126643 4.55002148 0.73577153
3.42396495 4.54639875 0.74239588
3.41670613 4.54279716 0.74894204
3.40949202 4.53921772 0.75540680
3.40232460 4.53566142 0.76178715
3.39520584 4.53212924 0.76808021
3.38813761 4.52862211 0.77428330
3.38112174 4.52514093 0.78039391
3.37415999 4.52168658 0.78640970
3.36725406 4.51825991 0.79232853
3.36040557 4.51486172 0.79814844
3.35361609 4.51149279 0.80386766
3.34688711 4.50815386 0.80948461
3.34022004 4.50484562 0.81499789
3.33361622 4.50156876 0.82040630
3.32707693 4.49832390 0.82570879
3.32060335 4.49511162 0.83090454
3.31419662 4.49193250 0.83599287
3.30785775 4.48878704 0.84097330
3.30158774 4.48567573 0.84584549
3.29538746 4.48259901 0.85060931
3.28925774 4.47955728 0.85526473
3.28319931 4.47655092 0.85981194
3.27721285 4.47358026 0.86425122
3.27129895 4.47064559 0.86858302
3.26545814 4.46774717 0.87280793
3.25969087 4.46488524 0.87692664
3.25399753 4.46205998 0.88094000
3.24837844 4.45927156 0.88484893
3.24283385 4.45652010 0.88865449
3.23736396 4.45380569 0.89235783
3.23196889 4.45112841 0.89596017
3.22664871 4.44848828 0.89946286
3.22140344 4.44588531 0.90286728
3.21623302 4.44331948 0.90617491
3.21113737 4.44079074 0.90938729
3.20611633 4.43829902 0.91250601
3.20116970 4.43584422 0.91553271
3.19629724 4.43342621 0.91846909
3.19149865 4.43104486 0.92131686
3.18677360 4.42870000 0.92407781
3.18212171 4.42639143 0.92675370
3.17754258 4.42411897 0.92934636
3.17303574 4.42188237 0.93185762
3.16860072 4.41968141 0.93428931
3.16423700 4.41751583 0.93664328
3.15994402 4.41538535 0.93892140
3.15572122 4.41328968 0.94112550
3.15156798 4.41122854 0.94325745
3.14748369 4.40920161 0.94531908
3.14346769 4.40720856 0.94731223
3.13951930 4.40524906 0.94923872
3.13563785 4.40332277 0.95110034
3.13182261 4.40142935 0.95289890
3.12807287 4.39956842 0.95463614
3.12438789 4.39773962 0.95631382
3.12076690 4.39594258 0.95793365
3.11720916 4.39417693 0.95949733
3.11371388 4.39244226 0.96100651
3.11028028 4.39073821 0.96246283
3.10690757 4.38906437 0.96386790
3.10359496 4.38742035 0.96522329
3.10034163 4.38580575 0.96653055
3.09714678 4.38422017 0.96779119
3.09400961 4.38266321 0.96900668
3.09092929 4.38113447 0.97017847
3.08790502 4.37963353 0.97130797
3.08493597 4.37816001 0.97239656
3.08202134 4.37671348 0.97344559
3.07916031 4.37529355 0.97445635
3.07635206 4.37389982 0.97543013
3.07359580 4.37253188 0.97636817
3.07089070 4.37118934 0.97727168
3.06823597 4.36987179 0.97814184
3.06563082 4.36857884 0.97897978
3.06307443 4.36731009 0.97978662
3.06056604 4.36606516 0.98056343
3.05810485 4.36484365 0.98131127
3.05569008 4.36364519 0.98203114
3.05332097 4.36246938 0.98272404
3.05099675 4.36131584 0.98339091
3.04871667 4.36018421 0.98403269
3.04647997 4.35907411 0.98465026
3.04428592 4.35798518 0.98524450
3.04213377 4.35691704 0.98581624
3.04002281 4.35586934 0.98636631
3.03795231 4.35484172 0.98689547
3.03592157 4.35383383 0.98740451
3.03392988 4.35284532 0.98789414
3.03197656 4.35187585 0.98836509
3.03006091 4.35092508 0.98881804
3.02818228 4.34999268 0.98925365
3.02633998 4.34907831 0.98967257
3.02453337 4.34818165 0.99007541
3.02276180 4.34730238 0.99046277
3.02102463 4.34644018 0.99083523
3.01932122 4.34559474 0.99119335
3.01765098 4.34476576 0.99153766
3.01601327 4.34395292 0.99186868
3.01440750 4.34315594 0.99218691
3.01283308 4.34237451 0.99249283
3.01128943 4.34160835 0.99278691
3.00977597 4.34085718 0.99306960
3.00829214 4.34012071 0.99334133
3.00683739 4.33939867 0.99360251
3.00541115 4.33869079 0.99385354
3.00401291 4.33799680 0.99409482
3.00264213 4.33731643 0.99432671
3.00129829 4.33664944 0.99454958
2.99998087 4.33599556 0.99476377
2.99868939 4.33535455 0.99496960
2.99742333 4.33472616 0.99516741
2.99618222 4.33411015 0.99535750
2.99496558 4.33350629 0.99554017
2.99377295 4.33291434 0.99571570
2.99260385 4.33233407 0.99588436
2.99145784 4.33176526 0.99604644
2.99033447 4.33120769 0.99620217
2.98923331 4.33066114 0.99635180
2.98815393 4.33012540 0.99649557
2.98709590 4.32960025 0.99663371
2.98605881 4.32908550 0.99676643
2.98504227 4.32858094 0.99689395
2.98404585 4.32808638 0.99701647
2.98306919 4.32760162 0.99713418
2.98211189 4.32712646 0.99724727
2.98117357 4.32666073 0.99735591
2.98025386 4.32620424 0.99746029
2.97935241 4.32575681 0.99756057
2.97846885 4.32531825 0.99765690
2.97760284 4.32488841 0.99774945
2.97675402 4.32446710 0.99783836
2.97592207 4.32405416 0.99792376
2.97510666 4.32364943 0.99800581
2.97430745 4.32325274 0.99808463
2.97352413 4.32286393 0.99816034
2.97275639 4.32248286 0.99823308
2.97200392 4.32210937 0.99830295
2.97126643 4.32174331 0.99837006
2.97054361 4.32138454 0.99843453
2.96983517 4.32103290 0.99849646
2.96914084 4.32068826 0.99855595
2.96846034 4.32035049 0.99861310
2.96779338 4.32001944 0.99866799
2.96713971 4.31969499 0.99872071
2.96649907 4.31937700 0.99877136
2.96587119 4.31906534 0.99882000
2.96525582 4.31875989 0.99886673
2.96465271 4.31846054 0.99891161
2.96406163 4.31816714 0.99895472
2.96348233 4.31787960 0.99899613
2.96291458 4.31759779 0.99903591
2.96235815 4.31732160 0.99907411
2.96181282 4.31705092 0.99911081
2.96127836 4.31678563 0.99914606
2.96075457 4.31652564 0.99917991
2.96024123 4.31627083 0.99921243
2.95973812 4.31602111 0.99924366
2.95924506 4.31577636 0.99927366
2.95876184 4.31553651 0.99930247
2.95828826 4.31530144 0.99933015
2.95782413 4.31507106 0.99935673
2.95736927 4.31484527 0.99938226
2.95692348 4.31462400 0.99940678
2.95648660 4.31440714 0.99943033
2.95605843 4.31419461 0.99945295
2.95563882 4.31398633 0.99947468
2.95522759 4.31378220 0.99949555
2.95482456 4.31358215 0.99951559
2.95442959 4.31338609 0.99953484
2.95404250 4.31319395 0.99955333
2.95366315 4.31300565 0.99957109
2.95329137 4.31282111 0.99958814
2.95292702 4.31264025 0.99960452
2.95256994 4.31246301 0.99962026
2.95222000 4.31228930 0.99963537
2.95187705 4.31211907 0.99964988
2.95154095 4.31195224 0.99966382
2.95121157 4.31178874 0.99967721
2.95088877 4.31162850 0.99969007
2.95057241 4.31147147 0.99970241
2.95026238 4.31131758 0.99971427
2.94995855 4.31116676 0.99972567
2.94966078 4.31101895 0.99973661
2.94936897 4.31087410 0.99974711
2.94908299 4.31073214 0.99975721
2.94880272 4.31059302 0.99976690
2.94852805 4.31045668 0.99977621
2.94825888 4.31032306 0.99978515
2.94799508 4.31019212 0.99979374
2.94773656 4.31006379 0.99980198
2.94748320 4.30993803 0.99980990
2.94723491 4.30981477 0.99981751
2.94699158 4.30969399 0.99982482
2.94675311 4.30957562 0.99983183
2.94651941 4.30945961 0.99983857
2.94629039 4.30934592 0.99984505
2.94606594 4.30923451 0.99985126
2.94584598 4.30912532 0.99985723
2.94563041 4.30901831 0.99986297
2.94541916 4.30891345 0.99986847
2.94521212 4.30881068 0.99987376
2.94500923 4.30870996 0.99987884
2.94481040 4.30861126 0.99988372
2.94461553 4.30851453 0.99988841
2.94442457 4.30841974 0.99989291
2.94423742 4.30832684 0.99989723
2.94405402 4.30823579 0.99990138
2.94387428 4.30814657 0.99990536
2.94369813 4.30805913 0.99990919
2.94352551 4.30797344 0.99991287
2.94335634 4.30788946 0.99991640
2.94319055 4.30780717 0.99991979
2.94302807 4.30772651 0.99992305
2.94286885 4.30764747 0.99992618
2.94271281 4.30757001 0.99992918
2.94255989 4.30749410 0.99993207
2.94241002 4.30741971 0.99993484
2.94226315 4.30734680 0.99993750
2.94211922 4.30727535 0.99994006
2.94197817 4.30720533 0.99994251
2.94183994 4.30713671 0.99994487
2.94170447 4.30706947 0.99994714
2.94157171 4.30700356 0.99994931
2.94144161 4.30693898 0.99995140
2.94131411 4.30687568 0.99995341
2.94118915 4.30681366 0.99995533
2.94106670 4.30675287 0.99995718
2.94094669 4.30669330 0.99995896
2.94082909 4.30663492 0.99996067
2.94071384 4.30657770 0.99996231
2.94060089 4.30652163 0.99996388
2.94049020 4.30646668 0.99996539
2.94038172 4.30641283 0.99996684
2.94027541 4.30636006 0.99996824
2.94017123 4.30630834 0.99996958
2.94006913 4.30625766 0.99997086
2.93996908 4.30620799 0.99997210
2.93987102 4.30615931 0.99997329
2.93977493 4.30611161 0.99997442
2.93968075 4.30606486 0.99997552
2.93958846 4.30601905 0.99997657
2.93949802 4.30597415 0.99997758
2.93940939 4.30593015 0.99997855
2.93932252 4.30588703 0.99997948
2.93923740 4.30584477 0.99998037
2.93915397 4.30580335 0.99998123
2.93907222 4.30576277 0.99998206
2.93899210 4.30572300 0.99998285
2.93891358 4.30568402 0.99998361
2.93883664 4.30564582 0.99998434
2.93876123 4.30560838 0.99998504
2.93868733 4.30557170 0.99998572
2.93861490 4.30553575 0.99998636
2.93854393 4.30550051 0.99998699
2.93847438 4.30546598 0.99998758
2.93840621 4.30543214 0.99998816
2.93833941 4.30539898 0.99998871
2.93827395 4.30536648 0.99998924
2.93820979 4.30533464 0.99998974
2.93814692 4.30530342 0.99999023
2.93808531 4.30527284 0.99999070
2.93802492 4.30524286 0.99999115
2.93796575 4.30521348 0.99999158
2.93790776 4.30518469 0.99999200
2.93785093 4.30515648 0.99999239
2.93779523 4.30512883 0.99999278
2.93774065 4.30510174 0.99999315
2.93768716 4.30507518 0.99999350
2.93763474 4.30504916 0.99999384
2.93758337 4.30502366 0.99999416
2.93753303 4.30499866 0.99999448
2.93748369 4.30497417 0.99999478
2.93743534 4.30495017 0.99999506
2.93738795 4.30492664 0.99999534
2.93734152 4.30490359 0.99999561
2.93729601 4.30488100 0.99999586
2.93725141 4.30485886 0.99999611
2.93720771 4.30483716 0.99999634
2.93716488 4.30481590 0.99999657
2.93712290 4.30479506 0.99999679
2.93708177 4.30477464 0.99999700
2.93704146 4.30475463 0.99999720
2.93700195 4.30473501 0.99999739
2.93696323 4.30471579 0.99999758
2.93692529 4.30469696 0.99999775
2.93688811 4.30467850 0.99999792
2.93685167 4.30466041 0.99999809
2.93681596 4.30464268 0.99999824
2.93678096 4.30462530 0.99999840
2.93674667 4.30460828 0.99999854
2.93671306 4.30459159 0.99999868
2.93668012 4.30457524 0.99999881
2.93664784 4.30455921 0.99999894
2.93661621 4.30454351 0.99999907
2.93658521 4.30452812 0.99999918
2.93655482 4.30451304 0.99999930
2.93652505 4.30449826 0.99999941
2.93649587 4.30448377 0.99999951
2.93646728 4.30446957 0.99999961
2.93643926 4.30445566 0.99999971
2.93641179 4.30444203 0.99999980
2.93638488 4.30442867 0.99999989
2.93635851 4.30441557 0.99999998
2.93633266 4.30440274 1.00000006
2.93630733 4.30439016 1.00000014
2.93628250 4.30437784 1.00000022
2.93625818 4.30436576 1.00000029
2.93623434 4.30435393 1.00000036
2.93621097 4.30434233 1.00000043
2.93618808 4.30433096 1.00000049
2.93616564 4.30431982 1.00000055
2.93614365 4.30430890 1.00000061
2.93612210 4.30429820 1.00000067
2.93610098 4.30428772 1.00000073
2.93608028 4.30427744 1.00000078
2.93606000 4.30426737 1.00000083
2.93604012 4.30425751 1.00000088
2.93602064 4.30424783 1.00000093
2.93600155 4.30423836 1.00000097
2.93598284 4.30422907 1.00000101
2.93596451 4.30421997 1.00000106
2.93594654 4.30421105 1.00000110
2.93592894 4.30420230 1.00000113
2.93591168 4.30419374 1.00000117
2.93589477 4.30418534 1.00000121
2.93587820 4.30417711 1.00000124
2.93586195 4.30416905 1.00000127
2.93584604 4.30416115 1.00000130
2.93583044 4.30415340 1.00000133
2.93581515 4.30414582 1.00000136
2.93580017 4.30413838 1.00000139
2.93578549 4.30413109 1.00000142
2.93577111 4.30412395 1.00000144
2.93575701 4.30411695 1.00000147
2.93574319 4.30411009 1.00000149
2.93572965 4.30410336 1.00000151
2.93571638 4.30409678 1.00000153
2.93570337 4.30409032 1.00000156
2.93569063 4.30408399 1.00000158
2.93567814 4.30407779 1.00000159
2.93566590 4.30407171 1.00000161
2.93565390 4.30406576 1.00000163
2.93564215 4.30405992 1.00000165
2.93563063 4.30405420 1.00000166
2.93561934 4.30404860 1.00000168
2.93560828 4.30404310 1.00000169
2.93559743 4.30403772 1.00000171
2.93558681 4.30403244 1.00000172
2.93557639 4.30402727 1.00000174
2.93556619 4.30402221 1.00000175
2.93555619 4.30401724 1.00000176
2.93554639 4.30401238 1.00000177
2.93553678 4.30400761 1.00000179
2.93552737 4.30400293 1.00000180
2.93551814 4.30399835 1.00000181
2.93550910 4.30399387 1.00000182
2.93550024 4.30398947 1.00000183
